stackblur/build/outputs/logs/manifest-merger-debug-report.txt
-- Merging decision tree log ---
manifest
ADDED from AsemanAndroidClient\StackBlur\AndroidManifest.xml:2:1-12:12
INJECTED from AsemanAndroidClient\StackBlur\AndroidManifest.xml:2:1-12:12
INJECTED from AsemanAndroidClient\StackBlur\AndroidManifest.xml:2:1-12:12
INJECTED from AsemanAndroidClient\StackBlur\AndroidManifest.xml:2:1-12:12
INJECTED from AsemanAndroidClient\StackBlur\AndroidManifest.xml:2:1-12:12
INJECTED from AsemanAndroidClient\StackBlur\AndroidManifest.xml:2:1-12:12
INJECTED from AsemanAndroidClient\StackBlur\AndroidManifest.xml:2:1-12:12
	package
		ADDED from AsemanAndroidClient\StackBlur\AndroidManifest.xml:3:5-36
		INJECTED from AsemanAndroidClient\StackBlur\AndroidManifest.xml
		INJECTED from AsemanAndroidClient\StackBlur\AndroidManifest.xml
	android:versionName
		ADDED from AsemanAndroidClient\StackBlur\AndroidManifest.xml:5:5-30
		INJECTED from AsemanAndroidClient\StackBlur\AndroidManifest.xml
		INJECTED from AsemanAndroidClient\StackBlur\AndroidManifest.xml
	xmlns:android
		ADDED from AsemanAndroidClient\StackBlur\AndroidManifest.xml:2:11-69
	android:versionCode
		ADDED from AsemanAndroidClient\StackBlur\AndroidManifest.xml:4:5-28
		INJECTED from AsemanAndroidClient\StackBlur\AndroidManifest.xml
		INJECTED from AsemanAndroidClient\StackBlur\AndroidManifest.xml
application
ADDED from AsemanAndroidClient\StackBlur\AndroidManifest.xml:7:5-10:19
	android:label
		ADDED from AsemanAndroidClient\StackBlur\AndroidManifest.xml:8:9-41
	android:theme
		ADDED from AsemanAndroidClient\StackBlur\AndroidManifest.xml:9:9-40